Release 14.7 - xst P.20131013 (lin64)
Copyright (c) 1995-2013 Xilinx, Inc.  All rights reserved.
--> 

TABLE OF CONTENTS
  1) Synthesis Options Summary
  2) HDL Compilation
  3) Design Hierarchy Analysis
  4) HDL Analysis
  5) HDL Synthesis
     5.1) HDL Synthesis Report
  6) Advanced HDL Synthesis
     6.1) Advanced HDL Synthesis Report
  7) Low Level Synthesis
  8) Partition Report
  9) Final Report
	9.1) Device utilization summary
	9.2) Partition Resource Summary
	9.3) TIMING REPORT


=========================================================================
*                      Synthesis Options Summary                        *
=========================================================================
---- Source Parameters
Input File Name                    : "project.src"
Input Format                       : mixed

---- Target Parameters
Target Device                      : xc3s100e-5cp132
Output File Name                   : "project.ngc"
Output Format                      : NGC

---- Source Options
Top Module Name                    : sum4b

---- General Options
Optimization Goal                  : Area
Optimization Effort                : 1
RTL Output                         : yes

=========================================================================


=========================================================================
*                          HDL Compilation                              *
=========================================================================
Compiling verilog file "../sum4b.v" in library work
Compiling verilog file "../sum1bcc.v" in library work
Module <sum4b> compiled
Module <sum1bcc> compiled
No errors in compilation
Analysis of file <"project.src"> succeeded.
 

=========================================================================
*                     Design Hierarchy Analysis                         *
=========================================================================
Analyzing hierarchy for module <sum4b> in library <work>.

Analyzing hierarchy for module <sum1bcc> in library <work>.


=========================================================================
*                            HDL Analysis                               *
=========================================================================
Analyzing top module <sum4b>.
Module <sum4b> is correct for synthesis.
 
Analyzing module <sum1bcc> in library <work>.
Module <sum1bcc> is correct for synthesis.
 

=========================================================================
*                           HDL Synthesis                               *
=========================================================================

Performing bidirectional port resolution...

Synthesizing Unit <sum1bcc>.
    Related source file is "../sum1bcc.v".
    Found 2-bit adder for signal <st>.
    Found 1-bit adder carry out for signal <st$addsub0001> created at line 34.
    Summary:
	inferred   2 Adder/Subtractor(s).
Unit <sum1bcc> synthesized.


Synthesizing Unit <sum4b>.
    Related source file is "../sum4b.v".
Unit <sum4b> synthesized.


=========================================================================
HDL Synthesis Report

Macro Statistics
# Adders/Subtractors                                   : 8
 1-bit adder carry out                                 : 4
 2-bit adder                                           : 4

=========================================================================

=========================================================================
*                       Advanced HDL Synthesis                          *
=========================================================================


=========================================================================
Advanced HDL Synthesis Report

Macro Statistics
# Adders/Subtractors                                   : 8
 1-bit adder carry out                                 : 4
 2-bit adder                                           : 4

=========================================================================

=========================================================================
*                         Low Level Synthesis                           *
=========================================================================

Optimizing unit <sum4b> ...

Mapping all equations...
Building and optimizing final netlist ...

Final Macro Processing ...

=========================================================================
Final Register Report

Found no macro
=========================================================================

=========================================================================
*                           Partition Report                            *
=========================================================================

Partition Implementation Status
-------------------------------

  No Partitions were found in this design.

-------------------------------

=========================================================================
*                            Final Report                               *
=========================================================================
Final Results
RTL Top Level Output File Name     : project.ngr
Top Level Output File Name         : project.ngc
Output Format                      : NGC
Optimization Goal                  : Area
Keep Hierarchy                     : no

Design Statistics
# IOs                              : 13

Cell Usage :
# BELS                             : 10
#      LUT2                        : 1
#      LUT3                        : 1
#      LUT4                        : 6
#      MUXF5                       : 2
# IO Buffers                       : 13
#      IBUF                        : 8
#      OBUF                        : 5
=========================================================================

Device utilization summary:
---------------------------

Selected Device : 3s100ecp132-5 

 Number of Slices:                        4  out of    960     0%  
 Number of 4 input LUTs:                  8  out of   1920     0%  
 Number of IOs:                          13
 Number of bonded IOBs:                  13  out of     83    15%  

---------------------------
Partition Resource Summary:
---------------------------

  No Partitions were found in this design.

---------------------------


=========================================================================
TIMING REPORT

NOTE: THESE TIMING NUMBERS ARE ONLY A SYNTHESIS ESTIMATE.
      FOR ACCURATE TIMING INFORMATION PLEASE REFER TO THE TRACE REPORT
      GENERATED AFTER PLACE-and-ROUTE.

Clock Information:
------------------
No clock signals found in this design

Asynchronous Control Signals Information:
----------------------------------------
No asynchronous control signals found in this design

Timing Summary:
---------------
Speed Grade: -5

   Minimum period: No path found
   Minimum input arrival time before clock: No path found
   Maximum output required time after clock: No path found
   Maximum combinational path delay: 7.234ns

Timing Detail:
--------------
All values displayed in nanoseconds (ns)

=========================================================================
Timing constraint: Default path analysis
  Total number of paths / destination ports: 42 / 5
-------------------------------------------------------------------------
Delay:               7.234ns (Levels of Logic = 5)
  Source:            xi<1> (PAD)
  Destination:       co (PAD)

  Data Path: xi<1> to co
                                Gate     Net
    Cell:in->out      fanout   Delay   Delay  Logical Name (Net Name)
    ----------------------------------------  ------------
     IBUF:I->O             2   1.106   0.532  xi_1_IBUF (xi_1_IBUF)
     LUT4:I0->O            5   0.612   0.568  s1/Madd_st_addsub0001_cy<0>11 (s1/Madd_st_addsub0001_cy<0>)
     LUT4:I2->O            1   0.612   0.000  s3/Madd_st_addsub0001_cy<0>11 (s3/Madd_st_addsub0001_cy<0>1)
     MUXF5:I1->O           1   0.278   0.357  s3/Madd_st_addsub0001_cy<0>1_f5 (s3/Madd_st_addsub0001_cy<0>)
     OBUF:I->O                 3.169          co_OBUF (co)
    ----------------------------------------
    Total                      7.234ns (5.777ns logic, 1.457ns route)
                                       (79.9% logic, 20.1% route)

=========================================================================


Total REAL time to Xst completion: 16.00 secs
Total CPU time to Xst completion: 15.98 secs
 
--> 


Total memory usage is 509776 kilobytes

Number of errors   :    0 (   0 filtered)
Number of warnings :    1 (   0 filtered)
Number of infos    :    0 (   0 filtered)

