eeschema (2013-jul-07)-stable  >> Creation date: lun 06 feb 2017 08:28:03 COT
#Cmp ( order = Reference )
| C1         10u         
| C2         10 u        
| C3         10u         
| C4         100n        
| C5         10u         
| C6         22u         
| C7         22u         
| C8         22u         
| L1         INDUCTOR    
| R1         10k         
| R2         R           
| U1         TPS63071    
#End Cmp

#Componentes ( orden = Valor )
| 100n         C4        
| 10u          C1        
| 10u          C3        
| 10u          C5        
| 22u          C6        
| 22u          C7        
| 22u          C8        
| 10 u         C2        
| INDUCTOR     L1        
| 10k          R1        
| R            R2        
| TPS63071     U1        
#Fin Componentes

#Fin de Lista
