ISim log file
Running: C:\Users\UECCI\Documents\GitHub\SPARTAN6-ATMEGA-MAX5864\lab\lab02-sumador4b\src_ise_basys\sum4b\testbench_isim_beh.exe -intstyle ise -gui -tclbatch isim.cmd -wdb C:/Users/UECCI/Documents/GitHub/SPARTAN6-ATMEGA-MAX5864/lab/lab02-sumador4b/src_ise_basys/sum4b/testbench_isim_beh.wdb 
ISim P.20131013 (signature 0x7708f090)
This is a Full version of ISim.
WARNING:  For instance uut/s0/, width 1 of formal port Ci is not equal to width 32 of actual constant.
Time resolution is 1 ps
# onerror resume
# wave add /
# run 1000 ns
Simulator is doing circuit initialization process.
Finished circuit initialization process.
el valor de  1 +  0 =  1
el valor de  1 +  1 =  2
el valor de  1 +  2 =  3
el valor de  1 +  3 =  4
el valor de  1 +  4 =  5
el valor de  1 +  5 =  6
el valor de  1 +  6 =  7
el valor de  1 +  7 =  8
el valor de  1 +  8 =  9
el valor de  1 +  9 = 10
el valor de  1 + 10 = 11
el valor de  1 + 11 = 12
el valor de  1 + 12 = 13
el valor de  1 + 13 = 14
el valor de  1 + 14 = 15
el valor de  1 + 15 =  0
el valor de  2 +  0 =  2
el valor de  2 +  1 =  3
el valor de  2 +  2 =  4
el valor de  2 +  3 =  5
el valor de  2 +  4 =  6
el valor de  2 +  5 =  7
el valor de  2 +  6 =  8
el valor de  2 +  7 =  9
el valor de  2 +  8 = 10
el valor de  2 +  9 = 11
el valor de  2 + 10 = 12
el valor de  2 + 11 = 13
el valor de  2 + 12 = 14
el valor de  2 + 13 = 15
el valor de  2 + 14 =  0
el valor de  2 + 15 =  1
el valor de  3 +  0 =  3
el valor de  3 +  1 =  4
el valor de  3 +  2 =  5
el valor de  3 +  3 =  6
el valor de  3 +  4 =  7
el valor de  3 +  5 =  8
el valor de  3 +  6 =  9
el valor de  3 +  7 = 10
el valor de  3 +  8 = 11
el valor de  3 +  9 = 12
el valor de  3 + 10 = 13
el valor de  3 + 11 = 14
el valor de  3 + 12 = 15
el valor de  3 + 13 =  0
el valor de  3 + 14 =  1
el valor de  3 + 15 =  2
el valor de  4 +  0 =  4
el valor de  4 +  1 =  5
el valor de  4 +  2 =  6
el valor de  4 +  3 =  7
el valor de  4 +  4 =  8
el valor de  4 +  5 =  9
el valor de  4 +  6 = 10
el valor de  4 +  7 = 11
el valor de  4 +  8 = 12
el valor de  4 +  9 = 13
el valor de  4 + 10 = 14
el valor de  4 + 11 = 15
el valor de  4 + 12 =  0
el valor de  4 + 13 =  1
el valor de  4 + 14 =  2
el valor de  4 + 15 =  3
el valor de  5 +  0 =  5
el valor de  5 +  1 =  6
el valor de  5 +  2 =  7
el valor de  5 +  3 =  8
el valor de  5 +  4 =  9
el valor de  5 +  5 = 10
el valor de  5 +  6 = 11
el valor de  5 +  7 = 12
el valor de  5 +  8 = 13
el valor de  5 +  9 = 14
el valor de  5 + 10 = 15
el valor de  5 + 11 =  0
el valor de  5 + 12 =  1
el valor de  5 + 13 =  2
el valor de  5 + 14 =  3
el valor de  5 + 15 =  4
el valor de  6 +  0 =  6
el valor de  6 +  1 =  7
el valor de  6 +  2 =  8
el valor de  6 +  3 =  9
el valor de  6 +  4 = 10
el valor de  6 +  5 = 11
el valor de  6 +  6 = 12
el valor de  6 +  7 = 13
el valor de  6 +  8 = 14
el valor de  6 +  9 = 15
el valor de  6 + 10 =  0
el valor de  6 + 11 =  1
el valor de  6 + 12 =  2
el valor de  6 + 13 =  3
el valor de  6 + 14 =  4
el valor de  6 + 15 =  5
el valor de  7 +  0 =  7
el valor de  7 +  1 =  8
el valor de  7 +  2 =  9
el valor de  7 +  3 = 10
el valor de  7 +  4 = 11
el valor de  7 +  5 = 12
el valor de  7 +  6 = 13
el valor de  7 +  7 = 14
el valor de  7 +  8 = 15
el valor de  7 +  9 =  0
el valor de  7 + 10 =  1
el valor de  7 + 11 =  2
el valor de  7 + 12 =  3
el valor de  7 + 13 =  4
el valor de  7 + 14 =  5
el valor de  7 + 15 =  6
el valor de  8 +  0 =  8
el valor de  8 +  1 =  9
el valor de  8 +  2 = 10
el valor de  8 +  3 = 11
el valor de  8 +  4 = 12
el valor de  8 +  5 = 13
el valor de  8 +  6 = 14
el valor de  8 +  7 = 15
el valor de  8 +  8 =  0
el valor de  8 +  9 =  1
el valor de  8 + 10 =  2
el valor de  8 + 11 =  3
el valor de  8 + 12 =  4
el valor de  8 + 13 =  5
el valor de  8 + 14 =  6
el valor de  8 + 15 =  7
el valor de  9 +  0 =  9
el valor de  9 +  1 = 10
el valor de  9 +  2 = 11
el valor de  9 +  3 = 12
el valor de  9 +  4 = 13
el valor de  9 +  5 = 14
el valor de  9 +  6 = 15
el valor de  9 +  7 =  0
el valor de  9 +  8 =  1
el valor de  9 +  9 =  2
el valor de  9 + 10 =  3
el valor de  9 + 11 =  4
el valor de  9 + 12 =  5
el valor de  9 + 13 =  6
el valor de  9 + 14 =  7
el valor de  9 + 15 =  8
el valor de 10 +  0 = 10
el valor de 10 +  1 = 11
el valor de 10 +  2 = 12
el valor de 10 +  3 = 13
el valor de 10 +  4 = 14
el valor de 10 +  5 = 15
el valor de 10 +  6 =  0
el valor de 10 +  7 =  1
el valor de 10 +  8 =  2
el valor de 10 +  9 =  3
el valor de 10 + 10 =  4
el valor de 10 + 11 =  5
el valor de 10 + 12 =  6
el valor de 10 + 13 =  7
el valor de 10 + 14 =  8
el valor de 10 + 15 =  9
el valor de 11 +  0 = 11
el valor de 11 +  1 = 12
el valor de 11 +  2 = 13
el valor de 11 +  3 = 14
el valor de 11 +  4 = 15
el valor de 11 +  5 =  0
el valor de 11 +  6 =  1
el valor de 11 +  7 =  2
el valor de 11 +  8 =  3
el valor de 11 +  9 =  4
el valor de 11 + 10 =  5
el valor de 11 + 11 =  6
el valor de 11 + 12 =  7
el valor de 11 + 13 =  8
el valor de 11 + 14 =  9
el valor de 11 + 15 = 10
el valor de 12 +  0 = 12
el valor de 12 +  1 = 13
el valor de 12 +  2 = 14
el valor de 12 +  3 = 15
el valor de 12 +  4 =  0
el valor de 12 +  5 =  1
el valor de 12 +  6 =  2
el valor de 12 +  7 =  3
el valor de 12 +  8 =  4
el valor de 12 +  9 =  5
el valor de 12 + 10 =  6
el valor de 12 + 11 =  7
el valor de 12 + 12 =  8
el valor de 12 + 13 =  9
el valor de 12 + 14 = 10
el valor de 12 + 15 = 11
el valor de 13 +  0 = 13
el valor de 13 +  1 = 14
el valor de 13 +  2 = 15
el valor de 13 +  3 =  0
el valor de 13 +  4 =  1
el valor de 13 +  5 =  2
el valor de 13 +  6 =  3
el valor de 13 +  7 =  4
# run 1.00us
el valor de 13 +  8 =  5
el valor de 13 +  9 =  6
el valor de 13 + 10 =  7
el valor de 13 + 11 =  8
el valor de 13 + 12 =  9
el valor de 13 + 13 = 10
el valor de 13 + 14 = 11
el valor de 13 + 15 = 12
el valor de 14 +  0 = 14
el valor de 14 +  1 = 15
el valor de 14 +  2 =  0
el valor de 14 +  3 =  1
el valor de 14 +  4 =  2
el valor de 14 +  5 =  3
el valor de 14 +  6 =  4
el valor de 14 +  7 =  5
el valor de 14 +  8 =  6
el valor de 14 +  9 =  7
el valor de 14 + 10 =  8
el valor de 14 + 11 =  9
el valor de 14 + 12 = 10
el valor de 14 + 13 = 11
el valor de 14 + 14 = 12
el valor de 14 + 15 = 13
el valor de 15 +  0 = 15
el valor de 15 +  1 =  0
el valor de 15 +  2 =  1
el valor de 15 +  3 =  2
el valor de 15 +  4 =  3
el valor de 15 +  5 =  4
el valor de 15 +  6 =  5
el valor de 15 +  7 =  6
el valor de 15 +  8 =  7
el valor de 15 +  9 =  8
el valor de 15 + 10 =  9
el valor de 15 + 11 = 10
el valor de 15 + 12 = 11
el valor de 15 + 13 = 12
el valor de 15 + 14 = 13
el valor de 15 + 15 = 14
el valor de  0 +  0 =  0
el valor de  0 +  1 =  1
el valor de  0 +  2 =  2
el valor de  0 +  3 =  3
el valor de  0 +  4 =  4
el valor de  0 +  5 =  5
el valor de  0 +  6 =  6
el valor de  0 +  7 =  7
el valor de  0 +  8 =  8
el valor de  0 +  9 =  9
el valor de  0 + 10 = 10
el valor de  0 + 11 = 11
el valor de  0 + 12 = 12
el valor de  0 + 13 = 13
el valor de  0 + 14 = 14
el valor de  0 + 15 = 15
el valor de  1 +  0 =  1
el valor de  1 +  1 =  2
el valor de  1 +  2 =  3
el valor de  1 +  3 =  4
el valor de  1 +  4 =  5
el valor de  1 +  5 =  6
el valor de  1 +  6 =  7
el valor de  1 +  7 =  8
el valor de  1 +  8 =  9
el valor de  1 +  9 = 10
el valor de  1 + 10 = 11
el valor de  1 + 11 = 12
el valor de  1 + 12 = 13
el valor de  1 + 13 = 14
el valor de  1 + 14 = 15
el valor de  1 + 15 =  0
el valor de  2 +  0 =  2
el valor de  2 +  1 =  3
el valor de  2 +  2 =  4
el valor de  2 +  3 =  5
el valor de  2 +  4 =  6
el valor de  2 +  5 =  7
el valor de  2 +  6 =  8
el valor de  2 +  7 =  9
el valor de  2 +  8 = 10
el valor de  2 +  9 = 11
el valor de  2 + 10 = 12
el valor de  2 + 11 = 13
el valor de  2 + 12 = 14
el valor de  2 + 13 = 15
el valor de  2 + 14 =  0
el valor de  2 + 15 =  1
el valor de  3 +  0 =  3
el valor de  3 +  1 =  4
el valor de  3 +  2 =  5
el valor de  3 +  3 =  6
el valor de  3 +  4 =  7
el valor de  3 +  5 =  8
el valor de  3 +  6 =  9
el valor de  3 +  7 = 10
el valor de  3 +  8 = 11
el valor de  3 +  9 = 12
el valor de  3 + 10 = 13
el valor de  3 + 11 = 14
el valor de  3 + 12 = 15
el valor de  3 + 13 =  0
el valor de  3 + 14 =  1
el valor de  3 + 15 =  2
el valor de  4 +  0 =  4
el valor de  4 +  1 =  5
el valor de  4 +  2 =  6
el valor de  4 +  3 =  7
el valor de  4 +  4 =  8
el valor de  4 +  5 =  9
el valor de  4 +  6 = 10
el valor de  4 +  7 = 11
el valor de  4 +  8 = 12
el valor de  4 +  9 = 13
el valor de  4 + 10 = 14
el valor de  4 + 11 = 15
el valor de  4 + 12 =  0
el valor de  4 + 13 =  1
el valor de  4 + 14 =  2
el valor de  4 + 15 =  3
el valor de  5 +  0 =  5
el valor de  5 +  1 =  6
el valor de  5 +  2 =  7
el valor de  5 +  3 =  8
el valor de  5 +  4 =  9
el valor de  5 +  5 = 10
el valor de  5 +  6 = 11
el valor de  5 +  7 = 12
el valor de  5 +  8 = 13
el valor de  5 +  9 = 14
el valor de  5 + 10 = 15
el valor de  5 + 11 =  0
el valor de  5 + 12 =  1
el valor de  5 + 13 =  2
el valor de  5 + 14 =  3
el valor de  5 + 15 =  4
el valor de  6 +  0 =  6
el valor de  6 +  1 =  7
el valor de  6 +  2 =  8
el valor de  6 +  3 =  9
el valor de  6 +  4 = 10
el valor de  6 +  5 = 11
el valor de  6 +  6 = 12
el valor de  6 +  7 = 13
el valor de  6 +  8 = 14
el valor de  6 +  9 = 15
el valor de  6 + 10 =  0
el valor de  6 + 11 =  1
el valor de  6 + 12 =  2
el valor de  6 + 13 =  3
el valor de  6 + 14 =  4
el valor de  6 + 15 =  5
el valor de  7 +  0 =  7
el valor de  7 +  1 =  8
el valor de  7 +  2 =  9
el valor de  7 +  3 = 10
el valor de  7 +  4 = 11
el valor de  7 +  5 = 12
el valor de  7 +  6 = 13
el valor de  7 +  7 = 14
el valor de  7 +  8 = 15
el valor de  7 +  9 =  0
el valor de  7 + 10 =  1
el valor de  7 + 11 =  2
el valor de  7 + 12 =  3
el valor de  7 + 13 =  4
el valor de  7 + 14 =  5
el valor de  7 + 15 =  6
el valor de  8 +  0 =  8
el valor de  8 +  1 =  9
el valor de  8 +  2 = 10
el valor de  8 +  3 = 11
el valor de  8 +  4 = 12
el valor de  8 +  5 = 13
el valor de  8 +  6 = 14
el valor de  8 +  7 = 15
el valor de  8 +  8 =  0
el valor de  8 +  9 =  1
el valor de  8 + 10 =  2
el valor de  8 + 11 =  3
el valor de  8 + 12 =  4
el valor de  8 + 13 =  5
el valor de  8 + 14 =  6
el valor de  8 + 15 =  7
el valor de  9 +  0 =  9
el valor de  9 +  1 = 10
el valor de  9 +  2 = 11
el valor de  9 +  3 = 12
el valor de  9 +  4 = 13
el valor de  9 +  5 = 14
el valor de  9 +  6 = 15
el valor de  9 +  7 =  0
el valor de  9 +  8 =  1
el valor de  9 +  9 =  2
el valor de  9 + 10 =  3
el valor de  9 + 11 =  4
el valor de  9 + 12 =  5
el valor de  9 + 13 =  6
el valor de  9 + 14 =  7
el valor de  9 + 15 =  8
# restart
# run 1.00us
Simulator is doing circuit initialization process.
Finished circuit initialization process.
el valor de  1 +  0 =  1
el valor de  1 +  1 =  2
el valor de  1 +  2 =  3
el valor de  1 +  3 =  4
el valor de  1 +  4 =  5
el valor de  1 +  5 =  6
el valor de  1 +  6 =  7
el valor de  1 +  7 =  8
el valor de  1 +  8 =  9
el valor de  1 +  9 = 10
el valor de  1 + 10 = 11
el valor de  1 + 11 = 12
el valor de  1 + 12 = 13
el valor de  1 + 13 = 14
el valor de  1 + 14 = 15
el valor de  1 + 15 =  0
el valor de  2 +  0 =  2
el valor de  2 +  1 =  3
el valor de  2 +  2 =  4
el valor de  2 +  3 =  5
el valor de  2 +  4 =  6
el valor de  2 +  5 =  7
el valor de  2 +  6 =  8
el valor de  2 +  7 =  9
el valor de  2 +  8 = 10
el valor de  2 +  9 = 11
el valor de  2 + 10 = 12
el valor de  2 + 11 = 13
el valor de  2 + 12 = 14
el valor de  2 + 13 = 15
el valor de  2 + 14 =  0
el valor de  2 + 15 =  1
el valor de  3 +  0 =  3
el valor de  3 +  1 =  4
el valor de  3 +  2 =  5
el valor de  3 +  3 =  6
el valor de  3 +  4 =  7
el valor de  3 +  5 =  8
el valor de  3 +  6 =  9
el valor de  3 +  7 = 10
el valor de  3 +  8 = 11
el valor de  3 +  9 = 12
el valor de  3 + 10 = 13
el valor de  3 + 11 = 14
el valor de  3 + 12 = 15
el valor de  3 + 13 =  0
el valor de  3 + 14 =  1
el valor de  3 + 15 =  2
el valor de  4 +  0 =  4
el valor de  4 +  1 =  5
el valor de  4 +  2 =  6
el valor de  4 +  3 =  7
el valor de  4 +  4 =  8
el valor de  4 +  5 =  9
el valor de  4 +  6 = 10
el valor de  4 +  7 = 11
el valor de  4 +  8 = 12
el valor de  4 +  9 = 13
el valor de  4 + 10 = 14
el valor de  4 + 11 = 15
el valor de  4 + 12 =  0
el valor de  4 + 13 =  1
el valor de  4 + 14 =  2
el valor de  4 + 15 =  3
el valor de  5 +  0 =  5
el valor de  5 +  1 =  6
el valor de  5 +  2 =  7
el valor de  5 +  3 =  8
el valor de  5 +  4 =  9
el valor de  5 +  5 = 10
el valor de  5 +  6 = 11
el valor de  5 +  7 = 12
el valor de  5 +  8 = 13
el valor de  5 +  9 = 14
el valor de  5 + 10 = 15
el valor de  5 + 11 =  0
el valor de  5 + 12 =  1
el valor de  5 + 13 =  2
el valor de  5 + 14 =  3
el valor de  5 + 15 =  4
el valor de  6 +  0 =  6
el valor de  6 +  1 =  7
el valor de  6 +  2 =  8
el valor de  6 +  3 =  9
el valor de  6 +  4 = 10
el valor de  6 +  5 = 11
el valor de  6 +  6 = 12
el valor de  6 +  7 = 13
el valor de  6 +  8 = 14
el valor de  6 +  9 = 15
el valor de  6 + 10 =  0
el valor de  6 + 11 =  1
el valor de  6 + 12 =  2
el valor de  6 + 13 =  3
el valor de  6 + 14 =  4
el valor de  6 + 15 =  5
el valor de  7 +  0 =  7
el valor de  7 +  1 =  8
el valor de  7 +  2 =  9
el valor de  7 +  3 = 10
el valor de  7 +  4 = 11
el valor de  7 +  5 = 12
el valor de  7 +  6 = 13
el valor de  7 +  7 = 14
el valor de  7 +  8 = 15
el valor de  7 +  9 =  0
el valor de  7 + 10 =  1
el valor de  7 + 11 =  2
el valor de  7 + 12 =  3
el valor de  7 + 13 =  4
el valor de  7 + 14 =  5
el valor de  7 + 15 =  6
el valor de  8 +  0 =  8
el valor de  8 +  1 =  9
el valor de  8 +  2 = 10
el valor de  8 +  3 = 11
el valor de  8 +  4 = 12
el valor de  8 +  5 = 13
el valor de  8 +  6 = 14
el valor de  8 +  7 = 15
el valor de  8 +  8 =  0
el valor de  8 +  9 =  1
el valor de  8 + 10 =  2
el valor de  8 + 11 =  3
el valor de  8 + 12 =  4
el valor de  8 + 13 =  5
el valor de  8 + 14 =  6
el valor de  8 + 15 =  7
el valor de  9 +  0 =  9
el valor de  9 +  1 = 10
el valor de  9 +  2 = 11
el valor de  9 +  3 = 12
el valor de  9 +  4 = 13
el valor de  9 +  5 = 14
el valor de  9 +  6 = 15
el valor de  9 +  7 =  0
el valor de  9 +  8 =  1
el valor de  9 +  9 =  2
el valor de  9 + 10 =  3
el valor de  9 + 11 =  4
el valor de  9 + 12 =  5
el valor de  9 + 13 =  6
el valor de  9 + 14 =  7
el valor de  9 + 15 =  8
el valor de 10 +  0 = 10
el valor de 10 +  1 = 11
el valor de 10 +  2 = 12
el valor de 10 +  3 = 13
el valor de 10 +  4 = 14
el valor de 10 +  5 = 15
el valor de 10 +  6 =  0
el valor de 10 +  7 =  1
el valor de 10 +  8 =  2
el valor de 10 +  9 =  3
el valor de 10 + 10 =  4
el valor de 10 + 11 =  5
el valor de 10 + 12 =  6
el valor de 10 + 13 =  7
el valor de 10 + 14 =  8
el valor de 10 + 15 =  9
el valor de 11 +  0 = 11
el valor de 11 +  1 = 12
el valor de 11 +  2 = 13
el valor de 11 +  3 = 14
el valor de 11 +  4 = 15
el valor de 11 +  5 =  0
el valor de 11 +  6 =  1
el valor de 11 +  7 =  2
el valor de 11 +  8 =  3
el valor de 11 +  9 =  4
el valor de 11 + 10 =  5
el valor de 11 + 11 =  6
el valor de 11 + 12 =  7
el valor de 11 + 13 =  8
el valor de 11 + 14 =  9
el valor de 11 + 15 = 10
el valor de 12 +  0 = 12
el valor de 12 +  1 = 13
el valor de 12 +  2 = 14
el valor de 12 +  3 = 15
el valor de 12 +  4 =  0
el valor de 12 +  5 =  1
el valor de 12 +  6 =  2
el valor de 12 +  7 =  3
el valor de 12 +  8 =  4
el valor de 12 +  9 =  5
el valor de 12 + 10 =  6
el valor de 12 + 11 =  7
el valor de 12 + 12 =  8
el valor de 12 + 13 =  9
el valor de 12 + 14 = 10
el valor de 12 + 15 = 11
el valor de 13 +  0 = 13
el valor de 13 +  1 = 14
el valor de 13 +  2 = 15
el valor de 13 +  3 =  0
el valor de 13 +  4 =  1
el valor de 13 +  5 =  2
el valor de 13 +  6 =  3
el valor de 13 +  7 =  4
ISim P.20131013 (signature 0x7708f090)
This is a Full version of ISim.
WARNING:  For instance uut/s0/, width 1 of formal port Ci is not equal to width 32 of actual constant.
# run 1000 ns
Simulator is doing circuit initialization process.
Finished circuit initialization process.
el valor de  1 +  0 =  1, 0
el valor de  1 +  1 =  2, 0
el valor de  1 +  2 =  3, 0
el valor de  1 +  3 =  4, 0
el valor de  1 +  4 =  5, 0
el valor de  1 +  5 =  6, 0
el valor de  1 +  6 =  7, 0
el valor de  1 +  7 =  8, 0
el valor de  1 +  8 =  9, 0
el valor de  1 +  9 = 10, 0
el valor de  1 + 10 = 11, 0
el valor de  1 + 11 = 12, 0
el valor de  1 + 12 = 13, 0
el valor de  1 + 13 = 14, 0
el valor de  1 + 14 = 15, 0
el valor de  1 + 15 =  0, 1
el valor de  2 +  0 =  2, 0
el valor de  2 +  1 =  3, 0
el valor de  2 +  2 =  4, 0
el valor de  2 +  3 =  5, 0
el valor de  2 +  4 =  6, 0
el valor de  2 +  5 =  7, 0
el valor de  2 +  6 =  8, 0
el valor de  2 +  7 =  9, 0
el valor de  2 +  8 = 10, 0
el valor de  2 +  9 = 11, 0
el valor de  2 + 10 = 12, 0
el valor de  2 + 11 = 13, 0
el valor de  2 + 12 = 14, 0
el valor de  2 + 13 = 15, 0
el valor de  2 + 14 =  0, 1
el valor de  2 + 15 =  1, 1
el valor de  3 +  0 =  3, 0
el valor de  3 +  1 =  4, 0
el valor de  3 +  2 =  5, 0
el valor de  3 +  3 =  6, 0
el valor de  3 +  4 =  7, 0
el valor de  3 +  5 =  8, 0
el valor de  3 +  6 =  9, 0
el valor de  3 +  7 = 10, 0
el valor de  3 +  8 = 11, 0
el valor de  3 +  9 = 12, 0
el valor de  3 + 10 = 13, 0
el valor de  3 + 11 = 14, 0
el valor de  3 + 12 = 15, 0
el valor de  3 + 13 =  0, 1
el valor de  3 + 14 =  1, 1
el valor de  3 + 15 =  2, 1
el valor de  4 +  0 =  4, 0
el valor de  4 +  1 =  5, 0
el valor de  4 +  2 =  6, 0
el valor de  4 +  3 =  7, 0
el valor de  4 +  4 =  8, 0
el valor de  4 +  5 =  9, 0
el valor de  4 +  6 = 10, 0
el valor de  4 +  7 = 11, 0
el valor de  4 +  8 = 12, 0
el valor de  4 +  9 = 13, 0
el valor de  4 + 10 = 14, 0
el valor de  4 + 11 = 15, 0
el valor de  4 + 12 =  0, 1
el valor de  4 + 13 =  1, 1
el valor de  4 + 14 =  2, 1
el valor de  4 + 15 =  3, 1
el valor de  5 +  0 =  5, 0
el valor de  5 +  1 =  6, 0
el valor de  5 +  2 =  7, 0
el valor de  5 +  3 =  8, 0
el valor de  5 +  4 =  9, 0
el valor de  5 +  5 = 10, 0
el valor de  5 +  6 = 11, 0
el valor de  5 +  7 = 12, 0
el valor de  5 +  8 = 13, 0
el valor de  5 +  9 = 14, 0
el valor de  5 + 10 = 15, 0
el valor de  5 + 11 =  0, 1
el valor de  5 + 12 =  1, 1
el valor de  5 + 13 =  2, 1
el valor de  5 + 14 =  3, 1
el valor de  5 + 15 =  4, 1
el valor de  6 +  0 =  6, 0
el valor de  6 +  1 =  7, 0
el valor de  6 +  2 =  8, 0
el valor de  6 +  3 =  9, 0
el valor de  6 +  4 = 10, 0
el valor de  6 +  5 = 11, 0
el valor de  6 +  6 = 12, 0
el valor de  6 +  7 = 13, 0
el valor de  6 +  8 = 14, 0
el valor de  6 +  9 = 15, 0
el valor de  6 + 10 =  0, 1
el valor de  6 + 11 =  1, 1
el valor de  6 + 12 =  2, 1
el valor de  6 + 13 =  3, 1
el valor de  6 + 14 =  4, 1
el valor de  6 + 15 =  5, 1
el valor de  7 +  0 =  7, 0
el valor de  7 +  1 =  8, 0
el valor de  7 +  2 =  9, 0
el valor de  7 +  3 = 10, 0
el valor de  7 +  4 = 11, 0
el valor de  7 +  5 = 12, 0
el valor de  7 +  6 = 13, 0
el valor de  7 +  7 = 14, 0
el valor de  7 +  8 = 15, 0
el valor de  7 +  9 =  0, 1
el valor de  7 + 10 =  1, 1
el valor de  7 + 11 =  2, 1
el valor de  7 + 12 =  3, 1
el valor de  7 + 13 =  4, 1
el valor de  7 + 14 =  5, 1
el valor de  7 + 15 =  6, 1
el valor de  8 +  0 =  8, 0
el valor de  8 +  1 =  9, 0
el valor de  8 +  2 = 10, 0
el valor de  8 +  3 = 11, 0
el valor de  8 +  4 = 12, 0
el valor de  8 +  5 = 13, 0
el valor de  8 +  6 = 14, 0
el valor de  8 +  7 = 15, 0
el valor de  8 +  8 =  0, 1
el valor de  8 +  9 =  1, 1
el valor de  8 + 10 =  2, 1
el valor de  8 + 11 =  3, 1
el valor de  8 + 12 =  4, 1
el valor de  8 + 13 =  5, 1
el valor de  8 + 14 =  6, 1
el valor de  8 + 15 =  7, 1
el valor de  9 +  0 =  9, 0
el valor de  9 +  1 = 10, 0
el valor de  9 +  2 = 11, 0
el valor de  9 +  3 = 12, 0
el valor de  9 +  4 = 13, 0
el valor de  9 +  5 = 14, 0
el valor de  9 +  6 = 15, 0
el valor de  9 +  7 =  0, 1
el valor de  9 +  8 =  1, 1
el valor de  9 +  9 =  2, 1
el valor de  9 + 10 =  3, 1
el valor de  9 + 11 =  4, 1
el valor de  9 + 12 =  5, 1
el valor de  9 + 13 =  6, 1
el valor de  9 + 14 =  7, 1
el valor de  9 + 15 =  8, 1
el valor de 10 +  0 = 10, 0
el valor de 10 +  1 = 11, 0
el valor de 10 +  2 = 12, 0
el valor de 10 +  3 = 13, 0
el valor de 10 +  4 = 14, 0
el valor de 10 +  5 = 15, 0
el valor de 10 +  6 =  0, 1
el valor de 10 +  7 =  1, 1
el valor de 10 +  8 =  2, 1
el valor de 10 +  9 =  3, 1
el valor de 10 + 10 =  4, 1
el valor de 10 + 11 =  5, 1
el valor de 10 + 12 =  6, 1
el valor de 10 + 13 =  7, 1
el valor de 10 + 14 =  8, 1
el valor de 10 + 15 =  9, 1
el valor de 11 +  0 = 11, 0
el valor de 11 +  1 = 12, 0
el valor de 11 +  2 = 13, 0
el valor de 11 +  3 = 14, 0
el valor de 11 +  4 = 15, 0
el valor de 11 +  5 =  0, 1
el valor de 11 +  6 =  1, 1
el valor de 11 +  7 =  2, 1
el valor de 11 +  8 =  3, 1
el valor de 11 +  9 =  4, 1
el valor de 11 + 10 =  5, 1
el valor de 11 + 11 =  6, 1
el valor de 11 + 12 =  7, 1
el valor de 11 + 13 =  8, 1
el valor de 11 + 14 =  9, 1
el valor de 11 + 15 = 10, 1
el valor de 12 +  0 = 12, 0
el valor de 12 +  1 = 13, 0
el valor de 12 +  2 = 14, 0
el valor de 12 +  3 = 15, 0
el valor de 12 +  4 =  0, 1
el valor de 12 +  5 =  1, 1
el valor de 12 +  6 =  2, 1
el valor de 12 +  7 =  3, 1
el valor de 12 +  8 =  4, 1
el valor de 12 +  9 =  5, 1
el valor de 12 + 10 =  6, 1
el valor de 12 + 11 =  7, 1
el valor de 12 + 12 =  8, 1
el valor de 12 + 13 =  9, 1
el valor de 12 + 14 = 10, 1
el valor de 12 + 15 = 11, 1
el valor de 13 +  0 = 13, 0
el valor de 13 +  1 = 14, 0
el valor de 13 +  2 = 15, 0
el valor de 13 +  3 =  0, 1
el valor de 13 +  4 =  1, 1
el valor de 13 +  5 =  2, 1
el valor de 13 +  6 =  3, 1
el valor de 13 +  7 =  4, 1
ISim P.20131013 (signature 0x7708f090)
This is a Full version of ISim.
WARNING:  For instance uut/s0/, width 1 of formal port Ci is not equal to width 32 of actual constant.
# run 1000 ns
Simulator is doing circuit initialization process.
Finished circuit initialization process.
el valor de  1 +  0 = 0x0 1
el valor de  1 +  1 = 0x0 2
el valor de  1 +  2 = 0x0 3
el valor de  1 +  3 = 0x0 4
el valor de  1 +  4 = 0x0 5
el valor de  1 +  5 = 0x0 6
el valor de  1 +  6 = 0x0 7
el valor de  1 +  7 = 0x0 8
el valor de  1 +  8 = 0x0 9
el valor de  1 +  9 = 0x010
el valor de  1 + 10 = 0x011
el valor de  1 + 11 = 0x012
el valor de  1 + 12 = 0x013
el valor de  1 + 13 = 0x014
el valor de  1 + 14 = 0x015
el valor de  1 + 15 = 0x1 0
el valor de  2 +  0 = 0x0 2
el valor de  2 +  1 = 0x0 3
el valor de  2 +  2 = 0x0 4
el valor de  2 +  3 = 0x0 5
el valor de  2 +  4 = 0x0 6
el valor de  2 +  5 = 0x0 7
el valor de  2 +  6 = 0x0 8
el valor de  2 +  7 = 0x0 9
el valor de  2 +  8 = 0x010
el valor de  2 +  9 = 0x011
el valor de  2 + 10 = 0x012
el valor de  2 + 11 = 0x013
el valor de  2 + 12 = 0x014
el valor de  2 + 13 = 0x015
el valor de  2 + 14 = 0x1 0
el valor de  2 + 15 = 0x1 1
el valor de  3 +  0 = 0x0 3
el valor de  3 +  1 = 0x0 4
el valor de  3 +  2 = 0x0 5
el valor de  3 +  3 = 0x0 6
el valor de  3 +  4 = 0x0 7
el valor de  3 +  5 = 0x0 8
el valor de  3 +  6 = 0x0 9
el valor de  3 +  7 = 0x010
el valor de  3 +  8 = 0x011
el valor de  3 +  9 = 0x012
el valor de  3 + 10 = 0x013
el valor de  3 + 11 = 0x014
el valor de  3 + 12 = 0x015
el valor de  3 + 13 = 0x1 0
el valor de  3 + 14 = 0x1 1
el valor de  3 + 15 = 0x1 2
el valor de  4 +  0 = 0x0 4
el valor de  4 +  1 = 0x0 5
el valor de  4 +  2 = 0x0 6
el valor de  4 +  3 = 0x0 7
el valor de  4 +  4 = 0x0 8
el valor de  4 +  5 = 0x0 9
el valor de  4 +  6 = 0x010
el valor de  4 +  7 = 0x011
el valor de  4 +  8 = 0x012
el valor de  4 +  9 = 0x013
el valor de  4 + 10 = 0x014
el valor de  4 + 11 = 0x015
el valor de  4 + 12 = 0x1 0
el valor de  4 + 13 = 0x1 1
el valor de  4 + 14 = 0x1 2
el valor de  4 + 15 = 0x1 3
el valor de  5 +  0 = 0x0 5
el valor de  5 +  1 = 0x0 6
el valor de  5 +  2 = 0x0 7
el valor de  5 +  3 = 0x0 8
el valor de  5 +  4 = 0x0 9
el valor de  5 +  5 = 0x010
el valor de  5 +  6 = 0x011
el valor de  5 +  7 = 0x012
el valor de  5 +  8 = 0x013
el valor de  5 +  9 = 0x014
el valor de  5 + 10 = 0x015
el valor de  5 + 11 = 0x1 0
el valor de  5 + 12 = 0x1 1
el valor de  5 + 13 = 0x1 2
el valor de  5 + 14 = 0x1 3
el valor de  5 + 15 = 0x1 4
el valor de  6 +  0 = 0x0 6
el valor de  6 +  1 = 0x0 7
el valor de  6 +  2 = 0x0 8
el valor de  6 +  3 = 0x0 9
el valor de  6 +  4 = 0x010
el valor de  6 +  5 = 0x011
el valor de  6 +  6 = 0x012
el valor de  6 +  7 = 0x013
el valor de  6 +  8 = 0x014
el valor de  6 +  9 = 0x015
el valor de  6 + 10 = 0x1 0
el valor de  6 + 11 = 0x1 1
el valor de  6 + 12 = 0x1 2
el valor de  6 + 13 = 0x1 3
el valor de  6 + 14 = 0x1 4
el valor de  6 + 15 = 0x1 5
el valor de  7 +  0 = 0x0 7
el valor de  7 +  1 = 0x0 8
el valor de  7 +  2 = 0x0 9
el valor de  7 +  3 = 0x010
el valor de  7 +  4 = 0x011
el valor de  7 +  5 = 0x012
el valor de  7 +  6 = 0x013
el valor de  7 +  7 = 0x014
el valor de  7 +  8 = 0x015
el valor de  7 +  9 = 0x1 0
el valor de  7 + 10 = 0x1 1
el valor de  7 + 11 = 0x1 2
el valor de  7 + 12 = 0x1 3
el valor de  7 + 13 = 0x1 4
el valor de  7 + 14 = 0x1 5
el valor de  7 + 15 = 0x1 6
el valor de  8 +  0 = 0x0 8
el valor de  8 +  1 = 0x0 9
el valor de  8 +  2 = 0x010
el valor de  8 +  3 = 0x011
el valor de  8 +  4 = 0x012
el valor de  8 +  5 = 0x013
el valor de  8 +  6 = 0x014
el valor de  8 +  7 = 0x015
el valor de  8 +  8 = 0x1 0
el valor de  8 +  9 = 0x1 1
el valor de  8 + 10 = 0x1 2
el valor de  8 + 11 = 0x1 3
el valor de  8 + 12 = 0x1 4
el valor de  8 + 13 = 0x1 5
el valor de  8 + 14 = 0x1 6
el valor de  8 + 15 = 0x1 7
el valor de  9 +  0 = 0x0 9
el valor de  9 +  1 = 0x010
el valor de  9 +  2 = 0x011
el valor de  9 +  3 = 0x012
el valor de  9 +  4 = 0x013
el valor de  9 +  5 = 0x014
el valor de  9 +  6 = 0x015
el valor de  9 +  7 = 0x1 0
el valor de  9 +  8 = 0x1 1
el valor de  9 +  9 = 0x1 2
el valor de  9 + 10 = 0x1 3
el valor de  9 + 11 = 0x1 4
el valor de  9 + 12 = 0x1 5
el valor de  9 + 13 = 0x1 6
el valor de  9 + 14 = 0x1 7
el valor de  9 + 15 = 0x1 8
el valor de 10 +  0 = 0x010
el valor de 10 +  1 = 0x011
el valor de 10 +  2 = 0x012
el valor de 10 +  3 = 0x013
el valor de 10 +  4 = 0x014
el valor de 10 +  5 = 0x015
el valor de 10 +  6 = 0x1 0
el valor de 10 +  7 = 0x1 1
el valor de 10 +  8 = 0x1 2
el valor de 10 +  9 = 0x1 3
el valor de 10 + 10 = 0x1 4
el valor de 10 + 11 = 0x1 5
el valor de 10 + 12 = 0x1 6
el valor de 10 + 13 = 0x1 7
el valor de 10 + 14 = 0x1 8
el valor de 10 + 15 = 0x1 9
el valor de 11 +  0 = 0x011
el valor de 11 +  1 = 0x012
el valor de 11 +  2 = 0x013
el valor de 11 +  3 = 0x014
el valor de 11 +  4 = 0x015
el valor de 11 +  5 = 0x1 0
el valor de 11 +  6 = 0x1 1
el valor de 11 +  7 = 0x1 2
el valor de 11 +  8 = 0x1 3
el valor de 11 +  9 = 0x1 4
el valor de 11 + 10 = 0x1 5
el valor de 11 + 11 = 0x1 6
el valor de 11 + 12 = 0x1 7
el valor de 11 + 13 = 0x1 8
el valor de 11 + 14 = 0x1 9
el valor de 11 + 15 = 0x110
el valor de 12 +  0 = 0x012
el valor de 12 +  1 = 0x013
el valor de 12 +  2 = 0x014
el valor de 12 +  3 = 0x015
el valor de 12 +  4 = 0x1 0
el valor de 12 +  5 = 0x1 1
el valor de 12 +  6 = 0x1 2
el valor de 12 +  7 = 0x1 3
el valor de 12 +  8 = 0x1 4
el valor de 12 +  9 = 0x1 5
el valor de 12 + 10 = 0x1 6
el valor de 12 + 11 = 0x1 7
el valor de 12 + 12 = 0x1 8
el valor de 12 + 13 = 0x1 9
el valor de 12 + 14 = 0x110
el valor de 12 + 15 = 0x111
el valor de 13 +  0 = 0x013
el valor de 13 +  1 = 0x014
el valor de 13 +  2 = 0x015
el valor de 13 +  3 = 0x1 0
el valor de 13 +  4 = 0x1 1
el valor de 13 +  5 = 0x1 2
el valor de 13 +  6 = 0x1 3
el valor de 13 +  7 = 0x1 4
